2022-11-11 21:08:32,229 [Worker-5: Loading available Gradle versions] INFO  o.e.b.c.i.u.g.PublishedGradleVersions - Gradle version information cache is out-of-date. Trying to update.
2022-11-11 21:15:27,894 [Start Help Server] INFO  org.eclipse.jetty.server.Server - jetty-10.0.11; built: 2022-06-21T21:12:44.640Z; git: d988aa016e0bb2de6fba84c1659049c72eae3e32; jvm 19.0.1+10-21
2022-11-11 21:15:27,931 [Start Help Server] INFO  o.e.j.s.s.DefaultSessionIdManager - Session workerName=node0
2022-11-11 21:15:27,969 [Start Help Server] INFO  o.e.j.server.handler.ContextHandler - Started o.e.j.s.ServletContextHandler@5fa1dec4{/help,null,AVAILABLE}
2022-11-11 21:15:27,999 [Start Help Server] INFO  o.e.jetty.server.AbstractConnector - Started ServerConnector@2031137c{HTTP/1.1, (http/1.1)}{127.0.0.1:57858}
2022-11-11 21:15:28,003 [Start Help Server] INFO  org.eclipse.jetty.server.Server - Started Server@6f9830ea{STARTING}[10.0.11,sto=0] @486913ms
2022-11-11 21:20:20,358 [Stop Help Server] INFO  org.eclipse.jetty.server.Server - Stopped Server@6f9830ea{STOPPING}[10.0.11,sto=0]
2022-11-11 21:20:20,361 [Stop Help Server] INFO  o.e.jetty.server.AbstractConnector - Stopped ServerConnector@2031137c{HTTP/1.1, (http/1.1)}{127.0.0.1:0}
2022-11-11 21:20:20,379 [Stop Help Server] INFO  o.e.j.server.handler.ContextHandler - Stopped o.e.j.s.ServletContextHandler@5fa1dec4{/help,null,STOPPED}
2022-11-11 21:20:39,623 [Start Help Server] INFO  org.eclipse.jetty.server.Server - jetty-10.0.11; built: 2022-06-21T21:12:44.640Z; git: d988aa016e0bb2de6fba84c1659049c72eae3e32; jvm 19.0.1+10-21
2022-11-11 21:20:39,672 [Start Help Server] INFO  o.e.j.s.s.DefaultSessionIdManager - Session workerName=node0
2022-11-11 21:20:39,730 [Start Help Server] INFO  o.e.j.server.handler.ContextHandler - Started o.e.j.s.ServletContextHandler@2214fcf9{/help,null,AVAILABLE}
2022-11-11 21:20:39,768 [Start Help Server] INFO  o.e.jetty.server.AbstractConnector - Started ServerConnector@35680550{HTTP/1.1, (http/1.1)}{127.0.0.1:57868}
2022-11-11 21:20:39,789 [Start Help Server] INFO  org.eclipse.jetty.server.Server - Started Server@5c7e9875{STARTING}[10.0.11,sto=0] @18123ms
2022-11-11 21:20:41,062 [Worker-0: Loading available Gradle versions] INFO  o.e.b.c.i.u.g.PublishedGradleVersions - Gradle version information cache is up-to-date. Trying to read.
2022-11-11 21:20:44,391 [Worker-3: Updating Maven Dependencies] ERROR o.e.m.c.i.URLConnectionCaches - Unexpected URLConnection defaultUseCaches enabled
2022-11-11 21:28:49,916 [Stop Help Server] INFO  org.eclipse.jetty.server.Server - Stopped Server@5c7e9875{STOPPING}[10.0.11,sto=0]
2022-11-11 21:28:49,926 [Stop Help Server] INFO  o.e.jetty.server.AbstractConnector - Stopped ServerConnector@35680550{HTTP/1.1, (http/1.1)}{127.0.0.1:0}
2022-11-11 21:28:49,951 [Stop Help Server] INFO  o.e.j.server.handler.ContextHandler - Stopped o.e.j.s.ServletContextHandler@2214fcf9{/help,null,STOPPED}
2022-11-12 09:02:03,974 [Worker-2: Loading available Gradle versions] INFO  o.e.b.c.i.u.g.PublishedGradleVersions - Gradle version information cache is up-to-date. Trying to read.
2022-11-12 09:09:38,570 [Worker-7: Loading available Gradle versions] INFO  o.e.b.c.i.u.g.PublishedGradleVersions - Gradle version information cache is up-to-date. Trying to read.
2022-11-12 09:10:28,957 [Worker-0: Loading available Gradle versions] INFO  o.e.b.c.i.u.g.PublishedGradleVersions - Gradle version information cache is up-to-date. Trying to read.
2022-11-12 09:28:57,775 [Worker-1: Loading available Gradle versions] INFO  o.e.b.c.i.u.g.PublishedGradleVersions - Gradle version information cache is up-to-date. Trying to read.
2022-11-12 20:24:17,376 [Worker-1: Loading available Gradle versions] INFO  o.e.b.c.i.u.g.PublishedGradleVersions - Gradle version information cache is up-to-date. Trying to read.
